[2017-12-09 21:32:07.053] Lawrenza created a Lapis Lazuli  shop at (world - 874.0,73.0,7941.0)
[2017-12-09 21:32:17.929] Lawrenza created a Iron Ingot  shop at (world - 876.0,73.0,7941.0)
[2017-12-09 21:32:53.986] Lawrenza created a Gold Ingot  shop at (world - 878.0,73.0,7941.0)
[2017-12-09 21:33:54.949] Lawrenza created a Diamond shop at (world - 880.0,73.0,7941.0)
[2017-12-09 21:34:00.798] Lawrenza created a Emerald shop at (world - 882.0,73.0,7941.0)
[2017-12-09 21:43:19.094] NdngMehmet60 created a Tripwire Hook  shop at (world - 875.0,72.0,7948.0)
[2017-12-09 22:23:09.487] NdngMehmet60 created a Tripwire Hook  shop at (world - 875.0,72.0,7948.0)
[2017-12-09 22:24:39.269] Lawrenza bought 1 for 1.0 from Shop world(875, 72, 7948) Owner: AdminShop - 6aa7f63f-32f1-477c-b112-4dedd6b73ac6 Unlimited: true Price: 1.0 Item: ItemStack{TRIPWIRE_HOOK x 1, UNSPECIFIC_META:{meta-type=UNSPECIFIC, lore=[], enchants={LUCK=1}, ItemFlags=[HIDE_ENCHANTS]}}
[2017-12-09 22:24:57.494] Lawrenza bought 1 for 1.0 from Shop world(875, 72, 7948) Owner: AdminShop - 6aa7f63f-32f1-477c-b112-4dedd6b73ac6 Unlimited: true Price: 1.0 Item: ItemStack{TRIPWIRE_HOOK x 1, UNSPECIFIC_META:{meta-type=UNSPECIFIC, lore=[], enchants={LUCK=1}, ItemFlags=[HIDE_ENCHANTS]}}
[2017-12-09 22:26:52.457] NdngMehmet60 created a Tripwire Hook  shop at (world - 875.0,72.0,7948.0)
[2017-12-09 22:28:14.723] Lawrenza bought 1 for 25.46 from Shop world(875, 72, 7948) Owner: AdminShop - 6aa7f63f-32f1-477c-b112-4dedd6b73ac6 Unlimited: true Price: 25.46 Item: ItemStack{TRIPWIRE_HOOK x 1, UNSPECIFIC_META:{meta-type=UNSPECIFIC, display-name=§1L§2u§3c§4k§5y§6C§7h§8e§9s§at §b§lClés, lore=[], enchants={LUCK=1}, ItemFlags=[HIDE_ENCHANTS]}}
[2017-12-09 22:30:55.223] NdngMehmet60 bought 1 for 25.46 from Shop world(875, 72, 7948) Owner: AdminShop - 6aa7f63f-32f1-477c-b112-4dedd6b73ac6 Unlimited: true Price: 25.46 Item: ItemStack{TRIPWIRE_HOOK x 1, UNSPECIFIC_META:{meta-type=UNSPECIFIC, display-name=§1L§2u§3c§4k§5y§6C§7h§8e§9s§at §b§lClés, lore=[], enchants={LUCK=1}, ItemFlags=[HIDE_ENCHANTS]}}
[2017-12-09 23:34:48.312] NdngMehmet60 created a Tripwire Hook  shop at (world - 875.0,72.0,7948.0)
[2017-12-10 01:08:30.457] NdngMehmet60 created a Lapis Lazuli  shop at (world - 874.0,73.0,7941.0)
[2017-12-10 01:08:37.401] NdngMehmet60 created a Iron Ingot  shop at (world - 876.0,73.0,7941.0)
[2017-12-10 01:08:42.981] NdngMehmet60 created a Gold Ingot  shop at (world - 878.0,73.0,7941.0)
[2017-12-10 01:08:47.099] NdngMehmet60 created a Diamond shop at (world - 880.0,73.0,7941.0)
[2017-12-10 01:08:54.947] NdngMehmet60 created a Emerald shop at (world - 882.0,73.0,7941.0)
[2017-12-10 01:11:17.037] NdngMehmet60 bought 1 for 25.6 from Shop world(875, 72, 7948) Owner: AdminShop - 6aa7f63f-32f1-477c-b112-4dedd6b73ac6 Unlimited: true Price: 25.6 Item: ItemStack{TRIPWIRE_HOOK x 1, UNSPECIFIC_META:{meta-type=UNSPECIFIC, display-name=§1L§2u§3c§4k§5y§6C§7h§8e§9s§at §b§lClés, lore=[], enchants={LUCK=1}, ItemFlags=[HIDE_ENCHANTS]}}
[2017-12-10 01:11:53.33] NdngMehmet60 bought 10 for 256.0 from Shop world(875, 72, 7948) Owner: AdminShop - 6aa7f63f-32f1-477c-b112-4dedd6b73ac6 Unlimited: true Price: 25.6 Item: ItemStack{TRIPWIRE_HOOK x 1, UNSPECIFIC_META:{meta-type=UNSPECIFIC, display-name=§1L§2u§3c§4k§5y§6C§7h§8e§9s§at §b§lClés, lore=[], enchants={LUCK=1}, ItemFlags=[HIDE_ENCHANTS]}}
[2017-12-10 01:23:13.295] NdngMehmet60 created a Bread shop at (world - 925.0,72.0,7999.0)
[2017-12-10 01:23:26.052] NdngMehmet60 created a Seeds shop at (world - 925.0,72.0,8000.0)
[2017-12-13 16:25:09.154] NdngMehmet60 bought 12 for 307.20000000000005 from Shop world(875, 72, 7948) Owner: AdminShop - 6aa7f63f-32f1-477c-b112-4dedd6b73ac6 Unlimited: true Price: 25.6 Item: ItemStack{TRIPWIRE_HOOK x 1, UNSPECIFIC_META:{meta-type=UNSPECIFIC, display-name=§1L§2u§3c§4k§5y§6C§7h§8e§9s§at §b§lClés, lore=[], enchants={LUCK=1}, ItemFlags=[HIDE_ENCHANTS]}}
[2017-12-13 16:31:50.137] NdngMehmet60 sold 61 for 414.8 to Shop world(876, 73, 7941) Owner: AdminShop - 6aa7f63f-32f1-477c-b112-4dedd6b73ac6 Unlimited: true Price: 6.8 Item: ItemStack{IRON_INGOT x 1}
[2017-12-13 16:32:05.929] NdngMehmet60 bought 1 for 25.6 from Shop world(875, 72, 7948) Owner: AdminShop - 6aa7f63f-32f1-477c-b112-4dedd6b73ac6 Unlimited: true Price: 25.6 Item: ItemStack{TRIPWIRE_HOOK x 1, UNSPECIFIC_META:{meta-type=UNSPECIFIC, display-name=§1L§2u§3c§4k§5y§6C§7h§8e§9s§at §b§lClés, lore=[], enchants={LUCK=1}, ItemFlags=[HIDE_ENCHANTS]}}
[2017-12-13 16:32:17.901] NdngMehmet60 bought 12 for 307.20000000000005 from Shop world(875, 72, 7948) Owner: AdminShop - 6aa7f63f-32f1-477c-b112-4dedd6b73ac6 Unlimited: true Price: 25.6 Item: ItemStack{TRIPWIRE_HOOK x 1, UNSPECIFIC_META:{meta-type=UNSPECIFIC, display-name=§1L§2u§3c§4k§5y§6C§7h§8e§9s§at §b§lClés, lore=[], enchants={LUCK=1}, ItemFlags=[HIDE_ENCHANTS]}}
[2017-12-13 17:01:47.139] NdngMehmet60 created a Leather shop at (world - 925.0,72.0,8008.0)
[2017-12-13 17:01:59.687] NdngMehmet60 created a Leather shop at (world - 925.0,72.0,8009.0)
[2017-12-13 17:04:48.578] NdngMehmet60 created a Rotten Flesh  shop at (world - 925.0,72.0,8007.0)
[2017-12-13 17:04:54.983] NdngMehmet60 created a Rotten Flesh  shop at (world - 925.0,72.0,8010.0)
[2017-12-13 17:05:40.103] NdngMehmet60 sold 2 for 2.4 to Shop world(925, 72, 8010) Owner: NdngMehmet60 - b70ee121-ae4c-4801-88ed-e6ef7cbedee3 Price: 1.2 Item: ItemStack{ROTTEN_FLESH x 1}
[2017-12-13 17:09:14.267] NdngMehmet60 bought 10 for 256.0 from Shop world(875, 72, 7948) Owner: AdminShop - 6aa7f63f-32f1-477c-b112-4dedd6b73ac6 Unlimited: true Price: 25.6 Item: ItemStack{TRIPWIRE_HOOK x 1, UNSPECIFIC_META:{meta-type=UNSPECIFIC, display-name=§1L§2u§3c§4k§5y§6C§7h§8e§9s§at §b§lClés, lore=[], enchants={LUCK=1}, ItemFlags=[HIDE_ENCHANTS]}}
[2017-12-13 17:10:34.808] NdngMehmet60 bought 10 for 256.0 from Shop world(875, 72, 7948) Owner: AdminShop - 6aa7f63f-32f1-477c-b112-4dedd6b73ac6 Unlimited: true Price: 25.6 Item: ItemStack{TRIPWIRE_HOOK x 1, UNSPECIFIC_META:{meta-type=UNSPECIFIC, display-name=§1L§2u§3c§4k§5y§6C§7h§8e§9s§at §b§lClés, lore=[], enchants={LUCK=1}, ItemFlags=[HIDE_ENCHANTS]}}
[2017-12-13 17:10:37.117] NdngMehmet60 bought 1 for 25.6 from Shop world(875, 72, 7948) Owner: AdminShop - 6aa7f63f-32f1-477c-b112-4dedd6b73ac6 Unlimited: true Price: 25.6 Item: ItemStack{TRIPWIRE_HOOK x 1, UNSPECIFIC_META:{meta-type=UNSPECIFIC, display-name=§1L§2u§3c§4k§5y§6C§7h§8e§9s§at §b§lClés, lore=[], enchants={LUCK=1}, ItemFlags=[HIDE_ENCHANTS]}}
[2017-12-13 17:10:41.563] NdngMehmet60 bought 20 for 512.0 from Shop world(875, 72, 7948) Owner: AdminShop - 6aa7f63f-32f1-477c-b112-4dedd6b73ac6 Unlimited: true Price: 25.6 Item: ItemStack{TRIPWIRE_HOOK x 1, UNSPECIFIC_META:{meta-type=UNSPECIFIC, display-name=§1L§2u§3c§4k§5y§6C§7h§8e§9s§at §b§lClés, lore=[], enchants={LUCK=1}, ItemFlags=[HIDE_ENCHANTS]}}
[2018-02-08 20:44:12.965] NdngMehmet60 created a Lapis Lazuli  shop at (world - -172.0,67.0,102.0)
[2018-02-08 20:44:27.003] NdngMehmet60 created a Lapis Lazuli  shop at (world - -172.0,67.0,102.0)
[2018-02-08 20:44:38.025] NdngMehmet60 created a Iron Ingot  shop at (world - -170.0,67.0,102.0)
[2018-02-08 20:44:43.861] NdngMehmet60 created a Gold Ingot  shop at (world - -168.0,67.0,102.0)
[2018-02-08 20:44:49.256] NdngMehmet60 created a Diamond shop at (world - -166.0,67.0,102.0)
[2018-02-08 20:44:55.203] NdngMehmet60 created a Emerald shop at (world - -164.0,67.0,102.0)
[2018-02-08 20:59:34.25] NdngMehmet60 created a Tripwire Hook  shop at (world - -171.0,66.0,109.0)
[2018-02-08 21:01:08.518] NdngMehmet60 bought 1 for 8.3 from Shop world(-171, 66, 109) Owner: AdminShop - b70ee121-ae4c-4801-88ed-e6ef7cbedee3 Unlimited: true Price: 8.3 Item: ItemStack{TRIPWIRE_HOOK x 1, UNSPECIFIC_META:{meta-type=UNSPECIFIC, display-name=§1L§2u§3c§4k§5y§6C§7h§8e§9s§at §b§lClés}}
[2018-02-08 21:01:16.813] NdngMehmet60 bought 1 for 8.3 from Shop world(-171, 66, 109) Owner: AdminShop - b70ee121-ae4c-4801-88ed-e6ef7cbedee3 Unlimited: true Price: 8.3 Item: ItemStack{TRIPWIRE_HOOK x 1, UNSPECIFIC_META:{meta-type=UNSPECIFIC, display-name=§1L§2u§3c§4k§5y§6C§7h§8e§9s§at §b§lClés}}
[2018-02-08 21:08:25.856] NdngMehmet60 created a Tripwire Hook  shop at (world - -171.0,66.0,109.0)
[2018-02-08 21:18:55.183] NdngMehmet60 created a Tripwire Hook  shop at (world - -171.0,66.0,109.0)
[2018-02-08 21:20:36.864] NdngMehmet60 bought 1 for 8.3 from Shop world(-171, 66, 109) Owner: AdminShop - b70ee121-ae4c-4801-88ed-e6ef7cbedee3 Unlimited: true Price: 8.3 Item: ItemStack{TRIPWIRE_HOOK x 1, UNSPECIFIC_META:{meta-type=UNSPECIFIC, display-name=§1L§2u§3c§4k§5y§6C§7h§8e§9s§at §b§lClés, enchants={LUCK=1}}}
[2018-02-08 21:22:24.69] NdngMehmet60 created a Tripwire Hook  shop at (world - -171.0,66.0,109.0)
[2018-02-08 21:27:12.963] NdngMehmet60 bought 1 for 8.3 from Shop world(-171, 66, 109) Owner: AdminShop - b70ee121-ae4c-4801-88ed-e6ef7cbedee3 Unlimited: true Price: 8.3 Item: ItemStack{TRIPWIRE_HOOK x 1, UNSPECIFIC_META:{meta-type=UNSPECIFIC, display-name=§1L§2u§3c§4k§5y§6C§7h§8e§9s§at §b§lClés, enchants={LUCK=1}}}
[2018-02-08 21:43:20.942] NdngMehmet60 created a Tripwire Hook  shop at (world - -171.0,66.0,109.0)
[2018-02-08 21:49:09.79] NdngMehmet60 created a Tripwire Hook  shop at (world - -171.0,66.0,109.0)
[2018-02-08 21:56:21.552] NdngMehmet60 created a Tripwire Hook  shop at (world - -171.0,66.0,109.0)
[2018-02-08 22:07:47.397] NdngMehmet60 created a Tripwire Hook  shop at (world - -171.0,66.0,109.0)
[2018-02-08 22:07:47.397] NdngMehmet60 created a Tripwire Hook  shop at (world - -171.0,66.0,109.0)
[2018-02-08 22:28:21.243] NdngMehmet60 created a Tripwire Hook  shop at (world - -171.0,66.0,109.0)
[2018-02-09 15:30:07.014] NdngMehmet60 created a Tripwire Hook  shop at (world - -171.0,66.0,109.0)
[2018-02-09 15:37:51.229] NdngMehmet60 created a Tripwire Hook  shop at (world - -171.0,66.0,109.0)
[2018-02-09 15:38:39.555] NdngMehmet60 bought 12 for 99.0 from Shop world(-171, 66, 109) Owner: AdminShop - b70ee121-ae4c-4801-88ed-e6ef7cbedee3 Unlimited: true Price: 8.25 Item: ItemStack{TRIPWIRE_HOOK x 1, UNSPECIFIC_META:{meta-type=UNSPECIFIC, display-name=§1L§2u§3c§4k§5y§6C§7h§8e§9s§at §b§lClés, enchants={LUCK=1}}}
[2018-09-22 10:28:11.787] MehmetSalihK created a Bread shop at (world - -121.0,66.0,160.0)
[2018-09-22 10:28:30.089] MehmetSalihK created a Seeds shop at (world - -121.0,66.0,161.0)
[2018-09-22 10:28:55.871] MehmetSalihK created a Leather shop at (world - -121.0,66.0,169.0)
[2018-09-22 10:29:58.785] MehmetSalihK created a Leather shop at (world - -121.0,66.0,170.0)
[2018-09-22 10:58:58.001] MehmetSalihK bought 20 for 165.0 from Shop world(-171, 66, 109) Owner: AdminShop - 6aa7f63f-32f1-477c-b112-4dedd6b73ac6 Unlimited: true Price: 8.25 Item: ItemStack{TRIPWIRE_HOOK x 1, UNSPECIFIC_META:{meta-type=UNSPECIFIC, display-name=§1L§2u§3c§4k§5y§6C§7h§8e§9s§at §b§lClés, enchants={LUCK=1}}}
[2023-11-07 23:49:42.724] MehmetSalihK bought 10 for 82.5 from Shop world(-171, 66, 109) Owner: AdminShop - 6aa7f63f-32f1-477c-b112-4dedd6b73ac6 Unlimited: true Price: 8.25 Item: ItemStack{TRIPWIRE_HOOK x 1, UNSPECIFIC_META:{meta-type=UNSPECIFIC, display-name=§1L§2u§3c§4k§5y§6C§7h§8e§9s§at §b§lClés, enchants={LUCK=1}}}
